<?xml version="1.0" encoding="UTF-8"?>
<robot generator="Robot 4.0.3 (Python 3.9.6 on win32)" generated="20210713 18:08:20.012" rpa="false" schemaversion="2">
<suite id="s1" name="Checkbox" source="c:\qaninja\robot\web\checkbox.robot">
<test id="s1-t1" name="Marcando opção com Xpath">
<kw name="Open Browser" library="SeleniumLibrary">
<arg>${url}</arg>
<arg>chrome</arg>
<doc>Opens a new browser instance to the optional ``url``.</doc>
<msg timestamp="20210713 18:08:20.207" level="INFO">Opening browser 'chrome' to base url 'http://training-wheels-protocol.herokuapp.com'.</msg>
<status status="PASS" starttime="20210713 18:08:20.206" endtime="20210713 18:08:23.757"/>
</kw>
<kw name="Go To" library="SeleniumLibrary">
<arg>${url}/checkboxes</arg>
<doc>Navigates the current browser window to the provided ``url``.</doc>
<msg timestamp="20210713 18:08:23.759" level="INFO">Opening url 'http://training-wheels-protocol.herokuapp.com/checkboxes'</msg>
<status status="PASS" starttime="20210713 18:08:23.758" endtime="20210713 18:08:24.078"/>
</kw>
<kw name="Select Checkbox" library="SeleniumLibrary">
<arg>xpath://*[@id='checkbox']/input[7]</arg>
<doc>Selects the checkbox identified by ``locator``.</doc>
<msg timestamp="20210713 18:08:24.080" level="INFO">Selecting checkbox 'xpath://*[@id='checkbox']/input[7]'.</msg>
<kw name="Capture Page Screenshot" library="SeleniumLibrary">
<doc>Takes a screenshot of the current page and embeds it into a log file.</doc>
<msg timestamp="20210713 18:08:24.267" level="INFO" html="true">&lt;/td&gt;&lt;/tr&gt;&lt;tr&gt;&lt;td colspan="3"&gt;&lt;a href="selenium-screenshot-4.png"&gt;&lt;img src="selenium-screenshot-4.png" width="800px"&gt;&lt;/a&gt;</msg>
<status status="PASS" starttime="20210713 18:08:24.093" endtime="20210713 18:08:24.267"/>
</kw>
<msg timestamp="20210713 18:08:24.269" level="FAIL">Checkbox with locator 'xpath://*[@id='checkbox']/input[7]' not found.</msg>
<status status="FAIL" starttime="20210713 18:08:24.079" endtime="20210713 18:08:24.269"/>
</kw>
<kw name="Checkbox Should Be Selected" library="SeleniumLibrary">
<arg>xpath://*[@id='checkbox']/input[7]</arg>
<doc>Verifies checkbox ``locator`` is selected/checked.</doc>
<status status="NOT RUN" starttime="20210713 18:08:24.270" endtime="20210713 18:08:24.270"/>
</kw>
<kw name="Sleep" library="BuiltIn">
<arg>5</arg>
<doc>Pauses the test executed for the given time.</doc>
<status status="NOT RUN" starttime="20210713 18:08:24.271" endtime="20210713 18:08:24.271"/>
</kw>
<kw name="Close Browser" library="SeleniumLibrary">
<doc>Closes the current browser.</doc>
<status status="NOT RUN" starttime="20210713 18:08:24.273" endtime="20210713 18:08:24.273"/>
</kw>
<tag>ironman</tag>
<status status="FAIL" starttime="20210713 18:08:20.205" endtime="20210713 18:08:24.273">Checkbox with locator 'xpath://*[@id='checkbox']/input[7]' not found.</status>
</test>
<status status="FAIL" starttime="20210713 18:08:20.013" endtime="20210713 18:08:24.276"/>
</suite>
<statistics>
<total>
<stat pass="0" fail="1" skip="0">All Tests</stat>
</total>
<tag>
<stat pass="0" fail="1" skip="0">ironman</stat>
</tag>
<suite>
<stat pass="0" fail="1" skip="0" id="s1" name="Checkbox">Checkbox</stat>
</suite>
</statistics>
<errors>
</errors>
</robot>
