<?xml version="1.0" encoding="UTF-8"?>
<robot generator="Robot 4.0.3 (Python 3.9.6 on win32)" generated="20210719 13:55:15.399" rpa="false" schemaversion="2">
<suite id="s1" name="Login Form" source="C:\qaninja\robot\web\testes\login_form.robot">
<test id="s1-t1" name="Login com sucesso">
<kw name="Nova sessão" library="base" type="SETUP">
<kw name="Open Browser" library="SeleniumLibrary">
<arg>${url}</arg>
<arg>chrome</arg>
<doc>Opens a new browser instance to the optional ``url``.</doc>
<msg timestamp="20210719 13:55:15.593" level="INFO">Opening browser 'chrome' to base url 'http://training-wheels-protocol.herokuapp.com'.</msg>
<status status="PASS" starttime="20210719 13:55:15.593" endtime="20210719 13:55:18.965"/>
</kw>
<status status="PASS" starttime="20210719 13:55:15.593" endtime="20210719 13:55:18.965"/>
</kw>
<kw name="Go To" library="SeleniumLibrary">
<arg>${url}/login</arg>
<doc>Navigates the current browser window to the provided ``url``.</doc>
<msg timestamp="20210719 13:55:18.965" level="INFO">Opening url 'http://training-wheels-protocol.herokuapp.com/login'</msg>
<status status="PASS" starttime="20210719 13:55:18.965" endtime="20210719 13:55:19.401"/>
</kw>
<kw name="Login With">
<arg>stark</arg>
<arg>jarvis!</arg>
<kw name="Input Text" library="SeleniumLibrary">
<arg>css:input[name=username]</arg>
<arg>stark</arg>
<doc>Types the given ``text`` into the text field identified by ``locator``.</doc>
<msg timestamp="20210719 13:55:19.404" level="INFO">Typing text 'stark' into text field 'css:input[name=username]'.</msg>
<status status="PASS" starttime="20210719 13:55:19.403" endtime="20210719 13:55:19.514"/>
</kw>
<kw name="Input Text" library="SeleniumLibrary">
<arg>css:input[name=password]</arg>
<arg>jarvis!</arg>
<doc>Types the given ``text`` into the text field identified by ``locator``.</doc>
<msg timestamp="20210719 13:55:19.514" level="INFO">Typing text 'jarvis!' into text field 'css:input[name=password]'.</msg>
<status status="PASS" starttime="20210719 13:55:19.514" endtime="20210719 13:55:19.627"/>
</kw>
<kw name="Sleep" library="BuiltIn">
<arg>6</arg>
<doc>Pauses the test executed for the given time.</doc>
<msg timestamp="20210719 13:55:25.627" level="INFO">Slept 6 seconds</msg>
<status status="PASS" starttime="20210719 13:55:19.627" endtime="20210719 13:55:25.627"/>
</kw>
<kw name="Click Element" library="SeleniumLibrary">
<arg>xpath://*[@type='submit']</arg>
<doc>Click the element identified by ``locator``.</doc>
<msg timestamp="20210719 13:55:25.628" level="INFO">Clicking element 'xpath://*[@type='submit']'.</msg>
<status status="PASS" starttime="20210719 13:55:25.628" endtime="20210719 13:55:26.086"/>
</kw>
<kw name="Sleep" library="BuiltIn">
<arg>6</arg>
<doc>Pauses the test executed for the given time.</doc>
<msg timestamp="20210719 13:55:32.088" level="INFO">Slept 6 seconds</msg>
<status status="PASS" starttime="20210719 13:55:26.087" endtime="20210719 13:55:32.088"/>
</kw>
<status status="PASS" starttime="20210719 13:55:19.403" endtime="20210719 13:55:32.089"/>
</kw>
<kw name="Page Should Contain" library="SeleniumLibrary">
<arg>Olá, Tony Stark. Você acessou a área logada!</arg>
<doc>Verifies that current page contains ``text``.</doc>
<msg timestamp="20210719 13:55:32.114" level="INFO">Current page contains text 'Olá, Tony Stark. Você acessou a área logada!'.</msg>
<status status="PASS" starttime="20210719 13:55:32.090" endtime="20210719 13:55:32.114"/>
</kw>
<kw name="Encerrar sessão" library="base" type="TEARDOWN">
<kw name="Capture Page Screenshot" library="SeleniumLibrary">
<doc>Takes a screenshot of the current page and embeds it into a log file.</doc>
<msg timestamp="20210719 13:55:32.223" level="INFO" html="true">&lt;/td&gt;&lt;/tr&gt;&lt;tr&gt;&lt;td colspan="3"&gt;&lt;a href="selenium-screenshot-42.png"&gt;&lt;img src="selenium-screenshot-42.png" width="800px"&gt;&lt;/a&gt;</msg>
<status status="PASS" starttime="20210719 13:55:32.116" endtime="20210719 13:55:32.223"/>
</kw>
<kw name="Close Browser" library="SeleniumLibrary">
<doc>Closes the current browser.</doc>
<status status="PASS" starttime="20210719 13:55:32.223" endtime="20210719 13:55:34.390"/>
</kw>
<status status="PASS" starttime="20210719 13:55:32.115" endtime="20210719 13:55:34.390"/>
</kw>
<status status="PASS" starttime="20210719 13:55:15.592" endtime="20210719 13:55:34.392"/>
</test>
<test id="s1-t2" name="Senha inválida">
<kw name="Nova sessão" library="base" type="SETUP">
<kw name="Open Browser" library="SeleniumLibrary">
<arg>${url}</arg>
<arg>chrome</arg>
<doc>Opens a new browser instance to the optional ``url``.</doc>
<msg timestamp="20210719 13:55:34.396" level="INFO">Opening browser 'chrome' to base url 'http://training-wheels-protocol.herokuapp.com'.</msg>
<status status="PASS" starttime="20210719 13:55:34.396" endtime="20210719 13:55:37.855"/>
</kw>
<status status="PASS" starttime="20210719 13:55:34.395" endtime="20210719 13:55:37.855"/>
</kw>
<kw name="Go To" library="SeleniumLibrary">
<arg>${url}/login</arg>
<doc>Navigates the current browser window to the provided ``url``.</doc>
<msg timestamp="20210719 13:55:37.857" level="INFO">Opening url 'http://training-wheels-protocol.herokuapp.com/login'</msg>
<status status="PASS" starttime="20210719 13:55:37.857" endtime="20210719 13:55:38.293"/>
</kw>
<kw name="Login With">
<arg>stark</arg>
<arg>abc123</arg>
<kw name="Input Text" library="SeleniumLibrary">
<arg>css:input[name=username]</arg>
<arg>stark</arg>
<doc>Types the given ``text`` into the text field identified by ``locator``.</doc>
<msg timestamp="20210719 13:55:38.295" level="INFO">Typing text 'stark' into text field 'css:input[name=username]'.</msg>
<status status="PASS" starttime="20210719 13:55:38.294" endtime="20210719 13:55:38.395"/>
</kw>
<kw name="Input Text" library="SeleniumLibrary">
<arg>css:input[name=password]</arg>
<arg>jarvis!</arg>
<doc>Types the given ``text`` into the text field identified by ``locator``.</doc>
<msg timestamp="20210719 13:55:38.395" level="INFO">Typing text 'jarvis!' into text field 'css:input[name=password]'.</msg>
<status status="PASS" starttime="20210719 13:55:38.395" endtime="20210719 13:55:38.497"/>
</kw>
<kw name="Sleep" library="BuiltIn">
<arg>6</arg>
<doc>Pauses the test executed for the given time.</doc>
<msg timestamp="20210719 13:55:44.508" level="INFO">Slept 6 seconds</msg>
<status status="PASS" starttime="20210719 13:55:38.497" endtime="20210719 13:55:44.508"/>
</kw>
<kw name="Click Element" library="SeleniumLibrary">
<arg>xpath://*[@type='submit']</arg>
<doc>Click the element identified by ``locator``.</doc>
<msg timestamp="20210719 13:55:44.509" level="INFO">Clicking element 'xpath://*[@type='submit']'.</msg>
<kw name="Capture Page Screenshot" library="SeleniumLibrary">
<doc>Takes a screenshot of the current page and embeds it into a log file.</doc>
<msg timestamp="20210719 13:55:44.662" level="INFO" html="true">&lt;/td&gt;&lt;/tr&gt;&lt;tr&gt;&lt;td colspan="3"&gt;&lt;a href="selenium-screenshot-43.png"&gt;&lt;img src="selenium-screenshot-43.png" width="800px"&gt;&lt;/a&gt;</msg>
<status status="PASS" starttime="20210719 13:55:44.550" endtime="20210719 13:55:44.662"/>
</kw>
<msg timestamp="20210719 13:55:44.666" level="FAIL">ElementNotInteractableException: Message: element not interactable: element has zero size
  (Session info: chrome=91.0.4472.164)
</msg>
<status status="FAIL" starttime="20210719 13:55:44.508" endtime="20210719 13:55:44.666"/>
</kw>
<kw name="Sleep" library="BuiltIn">
<arg>6</arg>
<doc>Pauses the test executed for the given time.</doc>
<status status="NOT RUN" starttime="20210719 13:55:44.667" endtime="20210719 13:55:44.667"/>
</kw>
<status status="FAIL" starttime="20210719 13:55:38.294" endtime="20210719 13:55:44.667"/>
</kw>
<kw name="Should Contain Login Alert">
<arg>Senha é invalida!</arg>
<status status="NOT RUN" starttime="20210719 13:55:44.668" endtime="20210719 13:55:44.668"/>
</kw>
<kw name="Encerrar sessão" library="base" type="TEARDOWN">
<kw name="Capture Page Screenshot" library="SeleniumLibrary">
<doc>Takes a screenshot of the current page and embeds it into a log file.</doc>
<msg timestamp="20210719 13:55:44.790" level="INFO" html="true">&lt;/td&gt;&lt;/tr&gt;&lt;tr&gt;&lt;td colspan="3"&gt;&lt;a href="selenium-screenshot-44.png"&gt;&lt;img src="selenium-screenshot-44.png" width="800px"&gt;&lt;/a&gt;</msg>
<status status="PASS" starttime="20210719 13:55:44.670" endtime="20210719 13:55:44.790"/>
</kw>
<kw name="Close Browser" library="SeleniumLibrary">
<doc>Closes the current browser.</doc>
<status status="PASS" starttime="20210719 13:55:44.790" endtime="20210719 13:55:46.983"/>
</kw>
<status status="PASS" starttime="20210719 13:55:44.669" endtime="20210719 13:55:46.983"/>
</kw>
<tag>login_error</tag>
<status status="FAIL" starttime="20210719 13:55:34.395" endtime="20210719 13:55:46.984">ElementNotInteractableException: Message: element not interactable: element has zero size
  (Session info: chrome=91.0.4472.164)
</status>
</test>
<test id="s1-t3" name="Usuário não existe">
<kw name="Nova sessão" library="base" type="SETUP">
<kw name="Open Browser" library="SeleniumLibrary">
<arg>${url}</arg>
<arg>chrome</arg>
<doc>Opens a new browser instance to the optional ``url``.</doc>
<msg timestamp="20210719 13:55:46.991" level="INFO">Opening browser 'chrome' to base url 'http://training-wheels-protocol.herokuapp.com'.</msg>
<status status="PASS" starttime="20210719 13:55:46.991" endtime="20210719 13:55:50.412"/>
</kw>
<status status="PASS" starttime="20210719 13:55:46.990" endtime="20210719 13:55:50.412"/>
</kw>
<kw name="Go To" library="SeleniumLibrary">
<arg>${url}/login</arg>
<doc>Navigates the current browser window to the provided ``url``.</doc>
<msg timestamp="20210719 13:55:50.414" level="INFO">Opening url 'http://training-wheels-protocol.herokuapp.com/login'</msg>
<status status="PASS" starttime="20210719 13:55:50.413" endtime="20210719 13:55:51.045"/>
</kw>
<kw name="Login With">
<arg>papito</arg>
<arg>123456</arg>
<kw name="Input Text" library="SeleniumLibrary">
<arg>css:input[name=username]</arg>
<arg>stark</arg>
<doc>Types the given ``text`` into the text field identified by ``locator``.</doc>
<msg timestamp="20210719 13:55:51.048" level="INFO">Typing text 'stark' into text field 'css:input[name=username]'.</msg>
<status status="PASS" starttime="20210719 13:55:51.048" endtime="20210719 13:55:51.141"/>
</kw>
<kw name="Input Text" library="SeleniumLibrary">
<arg>css:input[name=password]</arg>
<arg>jarvis!</arg>
<doc>Types the given ``text`` into the text field identified by ``locator``.</doc>
<msg timestamp="20210719 13:55:51.141" level="INFO">Typing text 'jarvis!' into text field 'css:input[name=password]'.</msg>
<status status="PASS" starttime="20210719 13:55:51.141" endtime="20210719 13:55:51.242"/>
</kw>
<kw name="Sleep" library="BuiltIn">
<arg>6</arg>
<doc>Pauses the test executed for the given time.</doc>
<msg timestamp="20210719 13:55:57.244" level="INFO">Slept 6 seconds</msg>
<status status="PASS" starttime="20210719 13:55:51.242" endtime="20210719 13:55:57.245"/>
</kw>
<kw name="Click Element" library="SeleniumLibrary">
<arg>xpath://*[@type='submit']</arg>
<doc>Click the element identified by ``locator``.</doc>
<msg timestamp="20210719 13:55:57.245" level="INFO">Clicking element 'xpath://*[@type='submit']'.</msg>
<kw name="Capture Page Screenshot" library="SeleniumLibrary">
<doc>Takes a screenshot of the current page and embeds it into a log file.</doc>
<msg timestamp="20210719 13:55:57.441" level="INFO" html="true">&lt;/td&gt;&lt;/tr&gt;&lt;tr&gt;&lt;td colspan="3"&gt;&lt;a href="selenium-screenshot-45.png"&gt;&lt;img src="selenium-screenshot-45.png" width="800px"&gt;&lt;/a&gt;</msg>
<status status="PASS" starttime="20210719 13:55:57.289" endtime="20210719 13:55:57.441"/>
</kw>
<msg timestamp="20210719 13:55:57.443" level="FAIL">ElementNotInteractableException: Message: element not interactable: element has zero size
  (Session info: chrome=91.0.4472.164)
</msg>
<status status="FAIL" starttime="20210719 13:55:57.245" endtime="20210719 13:55:57.443"/>
</kw>
<kw name="Sleep" library="BuiltIn">
<arg>6</arg>
<doc>Pauses the test executed for the given time.</doc>
<status status="NOT RUN" starttime="20210719 13:55:57.444" endtime="20210719 13:55:57.444"/>
</kw>
<status status="FAIL" starttime="20210719 13:55:51.046" endtime="20210719 13:55:57.444"/>
</kw>
<kw name="Should Contain Login Alert">
<arg>O usuário informado não está cadastrado!</arg>
<status status="NOT RUN" starttime="20210719 13:55:57.447" endtime="20210719 13:55:57.447"/>
</kw>
<kw name="Encerrar sessão" library="base" type="TEARDOWN">
<kw name="Capture Page Screenshot" library="SeleniumLibrary">
<doc>Takes a screenshot of the current page and embeds it into a log file.</doc>
<msg timestamp="20210719 13:55:57.598" level="INFO" html="true">&lt;/td&gt;&lt;/tr&gt;&lt;tr&gt;&lt;td colspan="3"&gt;&lt;a href="selenium-screenshot-46.png"&gt;&lt;img src="selenium-screenshot-46.png" width="800px"&gt;&lt;/a&gt;</msg>
<status status="PASS" starttime="20210719 13:55:57.448" endtime="20210719 13:55:57.598"/>
</kw>
<kw name="Close Browser" library="SeleniumLibrary">
<doc>Closes the current browser.</doc>
<status status="PASS" starttime="20210719 13:55:57.599" endtime="20210719 13:55:59.768"/>
</kw>
<status status="PASS" starttime="20210719 13:55:57.448" endtime="20210719 13:55:59.769"/>
</kw>
<tag>login_user404</tag>
<status status="FAIL" starttime="20210719 13:55:46.990" endtime="20210719 13:55:59.770">ElementNotInteractableException: Message: element not interactable: element has zero size
  (Session info: chrome=91.0.4472.164)
</status>
</test>
<status status="FAIL" starttime="20210719 13:55:15.401" endtime="20210719 13:55:59.778"/>
</suite>
<statistics>
<total>
<stat pass="1" fail="2" skip="0">All Tests</stat>
</total>
<tag>
<stat pass="0" fail="1" skip="0">login_error</stat>
<stat pass="0" fail="1" skip="0">login_user404</stat>
</tag>
<suite>
<stat pass="1" fail="2" skip="0" id="s1" name="Login Form">Login Form</stat>
</suite>
</statistics>
<errors>
</errors>
</robot>
