<?xml version="1.0" encoding="UTF-8"?>
<robot generator="Robot 4.0.3 (Python 3.9.6 on win32)" generated="20210715 12:00:50.528" rpa="false" schemaversion="2">
<suite id="s1" name="Checkbox" source="C:\qaninja\robot\web\checkbox.robot">
<test id="s1-t1" name="Marcando opção com Xpath">
<kw name="Open Browser" library="SeleniumLibrary">
<arg>${url}</arg>
<arg>chrome</arg>
<doc>Opens a new browser instance to the optional ``url``.</doc>
<msg timestamp="20210715 12:00:50.719" level="INFO">Opening browser 'chrome' to base url 'http://training-wheels-protocol.herokuapp.com'.</msg>
<status status="PASS" starttime="20210715 12:00:50.719" endtime="20210715 12:00:54.671"/>
</kw>
<kw name="Go To" library="SeleniumLibrary">
<arg>${url}/checkboxes</arg>
<doc>Navigates the current browser window to the provided ``url``.</doc>
<msg timestamp="20210715 12:00:54.673" level="INFO">Opening url 'http://training-wheels-protocol.herokuapp.com/checkboxes'</msg>
<status status="PASS" starttime="20210715 12:00:54.672" endtime="20210715 12:00:54.989"/>
</kw>
<kw name="Select Checkbox" library="SeleniumLibrary">
<arg>xpath://*[@id='checkboxes']/input[7]</arg>
<doc>Selects the checkbox identified by ``locator``.</doc>
<msg timestamp="20210715 12:00:54.990" level="INFO">Selecting checkbox 'xpath://*[@id='checkboxes']/input[7]'.</msg>
<status status="PASS" starttime="20210715 12:00:54.990" endtime="20210715 12:00:55.087"/>
</kw>
<kw name="Checkbox Should Be Selected" library="SeleniumLibrary">
<arg>xpath://*[@id='checkboxes']/input[7]</arg>
<doc>Verifies checkbox ``locator`` is selected/checked.</doc>
<msg timestamp="20210715 12:00:55.088" level="INFO">Verifying checkbox 'xpath://*[@id='checkboxes']/input[7]' is selected.</msg>
<status status="PASS" starttime="20210715 12:00:55.088" endtime="20210715 12:00:55.120"/>
</kw>
<kw name="Sleep" library="BuiltIn">
<arg>5</arg>
<doc>Pauses the test executed for the given time.</doc>
<msg timestamp="20210715 12:01:00.127" level="INFO">Slept 5 seconds</msg>
<status status="PASS" starttime="20210715 12:00:55.121" endtime="20210715 12:01:00.127"/>
</kw>
<kw name="Close Browser" library="SeleniumLibrary">
<doc>Closes the current browser.</doc>
<status status="PASS" starttime="20210715 12:01:00.128" endtime="20210715 12:01:02.304"/>
</kw>
<tag>ironman</tag>
<status status="PASS" starttime="20210715 12:00:50.718" endtime="20210715 12:01:02.305"/>
</test>
<status status="PASS" starttime="20210715 12:00:50.530" endtime="20210715 12:01:02.312"/>
</suite>
<statistics>
<total>
<stat pass="1" fail="0" skip="0">All Tests</stat>
</total>
<tag>
<stat pass="1" fail="0" skip="0">ironman</stat>
</tag>
<suite>
<stat pass="1" fail="0" skip="0" id="s1" name="Checkbox">Checkbox</stat>
</suite>
</statistics>
<errors>
</errors>
</robot>
